[    0.000000] Initializing cgroup subsys cpuset
[    0.000000] Initializing cgroup subsys cpu
[    0.000000] Initializing cgroup subsys cpuacct
[    0.000000] Linux version 4.4.0-145-geneic(buildd@lcy01-amd64-027) (gcc version 5.4.0 20160609 (Ubuntu 5.4.0-6ubuntu1~16.04.10) ) #171-Ubuntu SMP Tue Mar 26 143:40 UTC 2019 (Ubuntu 4.4.-145.171-generic 4.4176)
[    0.000000] Command line: BOOT_IMAGE=/boot/vmlinuz-4.4.0-145-generic root=UUID=4e0b126d-f842-4ae8-bd4b-7ebf2cd44df6 ro console=tty1 console=ttyS0
[    0.000000] KERNEL supported cpus:
[    0.000000]   Intel GenuineIntel
[    0.000000]   AMD AuthenticAMD
[    0.000000]   Centaur CentaurHauls
[    0.000000] x86/fpu: xstate_offset[2]:  576, xstate_sizes[2]:  256
[    0.000000] x86/fpu: Supporting XSAVE feature 0x01: 'x87 floating point reggiser'
[    0.000000] x86/fpu: Supporting XSAVE feature 0x02: 'SSE registers'
[   .000000] x86/fpu: Supporting XSAVE feature 0x04: 'AVX registers'
[    0.000000] x86/fpu: Enabled xstate features 0x7, context size is 832 bytes, using 'standard' format.
[    0.000000] e820: BIOS-provided physical RAM map:
[    0.000000] BIOS-e820: [mem 0x0000000000000000-0x000000000009fbff] usable
[    0.000000] BIOS-e820: [mem 0x000000000009fc00-0x000000000009ffff] reserved
[    0.000000] BIOS-e820: [mem 0x00000000000f0000-0x00000000000fffff] reserved
[    0.000000] BIOS-e820: [mem 0x0000000000100000-0x000000003ffeffff] usable
[    0.000000] BIOS-e820: [mem 0x000000003fff0000-0x000000003fffffff] ACPI data
[  0.00000 BIO-e20: [mem 0x00000000fec00000-0x00000000fec00fff] reserved
[   0.000000] BIOS-e820: [mem 0x00000000fee00000-0x00000000fee00fff] reserved
[  0.000000] BIOS-e820: [mem 0x00000000fffc0000-0x00000000ffffffff] reserved
[   .000000] NX (Execute Disable) protection: active
[  0.000000] SMBIOS 2.5 present.
[  0.0000]Hyerviordetected: KVM
[    0.000000] e820: last_pfn = 0x3fff0 max_arch_pfn = 0x400000000
[    0.000000] MTRR: Disabled
[    0.000000] x86/PAT: MTRRs disabled, skipping PAT initialization too.
[    0.000000] CPU MTRRs all blank - virtualized system.
[    0.000000] x86/PAT: Configuration [0-7]: WB  WT  UC- UC  WB  WT  UC- UC  
[    0.000000] found SMP MP-table at [mem 0x0009fff0-0x0009ffff] mapped at [ffff88000009fff0]
[    0.000000] Scanning 1 areas for low memory corruption
[    0.000000] RAMDISK: [mem 0x361ea000-0x370eecfff]
[    0.000000] ACPI: Early table checksum verification disabled
[    0.000000] ACPI: RSDP 0x00000000000E0000 000024 (v02 VBOX  )
[    0.000000] ACPI: XSDT 0x000000003FFF0030 00003C (v01 VBOX   VBOXXSDT 00000001 ASL  00000061)
[    0.000000] ACPI: FAC 0000000003FFF00F0 0000F4 (v04 VBOX   VBOXFACP 00000001 ASL  00000061)
[  0.000000] ACPI: DSDT 0x000000003FFF0470 0021FF (v02 VBOX   VBOXBIOS 00000002 INTL 20100528)
[    0.000000] ACPI: FACS 0x000000003FFF0200 000040
[    0.000000] ACPI: FACS 0x000000003FFF0200 000040
[    0.000000] ACPI: APIC 0x0000000FFF0240 00005C (v02 VBOX   VBOXAPIC 00000001 ASL  00000061)
[    0.000000] ACPI: SSDT 0x000000003FFF02A0 0001CC (v01 VBOX   VBOXCPUT 00000002 INTL 20100528)
[    0.000000] No NUMA configuration found
[    0.000000] Faking a node at [mem 0x0000000000000000-0x000000003ffeffff]
[    0.000000] NODE_DATA(0) allocated [mem 0x3ffeb000-0x3ffeffff]
[    0.000000] kvm-clock: Using msrs 4b564d01 and 4b564d00
[    0.000000] kvm-clock: cpu 0, msr 0:3ffe3001, primary cpu clock
[   .000000] kvm-clock: using sched offset of 6359135052 cycles
[   .000000] clocksource: kvm-clock: mask: 0xffffffffffffffff max_cycles: 0x1cd42e4dffb, max_idle_ns: 881590591483 ns
[    0.000000] Zone ranges:
[    0.000000]   DMA      [mem 0x0000000000001000-0x0000000000ffffff]
[    0.000000]   DMA32    [mem 0x0000000001000000-0x000000003ffeffff]
[    0.000000]   Normal   empty
[    0.000000]   Device   empty
[    0.000000] Movable zone start for each node
[    0.000000] Early memory node ranges
[    0.000000]   node   0: [mem 0x0000000000001000-0x000000000009efff]
[    0.000000   node   0: [mem 0x0000000000100000-0x000000003ffeffff]
[   0.000000] Initmem setup node 0 [mem 0x0000000000001000-0x000000003ffeffff]
[    0.000000] ACPI: PM-Timer IO Port: 0x4008
[    0.000000] IOAPIC[0]: apic_id 2, version 32, address 0xfec00000, GSI 0-23
[    0.000000] ACPI: INT_SRC_OVR (us 0 bus_irq 0 global_irq 2 dfl dfl)
[    0.000000] ACPI: INT_SRC_OVR (bus 0 bus_irq 9 global_irq 9 low level)
[    0.000000] Using ACPI (MADT) for SMP configuration information
[    0.000000] smpboot: Allowing 2 CPUs, 0 hotplug CPUs
[    0.000000] PM: Registered nosave memory: [memm 0x00000000-0x00000fff]
[    0.000000] PM: Registered nosave memory: [mem 0x0009f000-0x0009ffff]
[    0.000000] PM: Registered nsae memory: [mem 0x000a0000-0x000effff]
[    0.000000] PM: Registerednoave meor: [mm 0x000f0000-0x000fffff]
[   0.0000] e820: [mem 0x40000000-0xfebfffff] available for PCI devices
[  0.0000] Botng paravirtualized kernel on KVM
[   0.000000] clocksource: refined-jiffies: mask: 0xffffffff max_cycles: 0xffffffff, max_idle_ns: 7645519600211568 ns
[   0.0000] setup_percpu: NR_CPUS:512 nr_cpumask_bits:512 nr_cpu_ids:2 nr_node_ids:1
[    0.000000] PERCPU: Embedded 34 pages/cpu @ffff88003fc00000 s99480 r8192 d31592 u1048576
[    0.000000] Built 1 zonelists in Node order, mobility grouping on.  Total pages: 257912
[    0.000000] Policy zone: DMA32
[    0.000000] Kernel command line: BOOT_IMAGE=/boot/vmlinuz-4.4.0-145-generic root=UUID=4e0b126d-f842-4ae8-bd4b-7ebf2cd44df6 ro console=tty1 console=ttyS0
[    0.000000] PID hash table entries: 4096 (order: 3, 32768 bytes)
[    0.000000] Memory: 997188K/1048120K available (8608K kernel code, 1333K rwdata, 4008K rodata, 1484K init, 1284K bss, 50932K reserved, 0K cma-reserved)
[    0.000000] SLUB: HWalign=64, Order=0-3, MinObjects=0, CPUs=2, Nodes=1
[    0.000000] Kernel/User page tables isolation: enabled
[    0.000000] Hierarchical RCU implementation.
[    0.000000] 	Build-time adjustment of leaf fanout to 64.
[  0.000000] 	RCU restricting CPUs from NR_CPUS=512 to nr_cpu_ids=2.
[   .000000] RCU: Adjusting geometry for rcu_fanout_leaf=64, nr_cpu_ids=2
[    0.000000] NR_IRQS:33024 nr_irqs:440 16
[    0.000000] Console: colour VGA+ 80x25
[    0.000000] console [tty1] enabled
[    0.000000] console [ttyS0] enabled
[    0.000000] tsc: Detected 3392.294 MHz processor

[    2.099412] Calibrating delay loop (skipped) preset value.. 6784.58 BogoMIPS (lpj=13569176)
[    2.102469] pid_max: default: 32768 minimum: 301
[    2.104013] ACPI: Core revision 20150930
[    2.109070] ACPI: 2 ACPI AML tables successfully acquired and loaded
[    2.111336] Security Framework initialized
[    2.112825] Yama: becoming mindful.
[    2.114192] AppArmor: AppArmor initialized
[    2.115828] Dentry cache hash table entries: 131072 (order: 8, 1048576 bytes)
[    2.119976] Inode-cache hash table entries: 65536 (order: 7, 524288 bytes)
[    2.122406] Mount-cache hash table entries: 2048 (order: 2, 16384 bytes)
[    2.124588] Mountpoint-cache hash table entries: 2048 (order: 2, 16384 bytes)
[    2.143656] Initializing cgroup subsys io
[    2.145280] Initializing cgroup subsys memory
[    2.146920] Initializing cgroup subsys devices
[    2.159430] Initializing cgroup subsys freezer
[    2.161003] Initializing cgroup subsys net_cls
[    2.162625] Initializing cgroup subsys perf_event
[    2.164332] Initializing cgroup subsys net_prio
[    2.165996] Initializing cgroup subsys hugetlb
[    2.167602] Initializing cgroup subsys pids
[    2.169500] mce: CPU supports 0 MCE banks
[    2.171030] Last level iTLB entries: 4KB 512, 2MB 8, 4MB 8
[    2.172908] Last level dTLB entries: 4KB 512, 2MB 32, 4MB 32, 1GB 0
[    2.174922] Spectre V2 : Mitigation: Full generic retpoline
[    2.182651] Spectre V2 : Spectre v2 / SpectreRSB mitigation: Filling RSB on context switch
[    2.195721] Speculative Store Bypass: Vulnerable
[    2.212620] Freeing SMP alternatives memory: 36K
[    2.223763] ftrace: allocating 32283 entries in 127 pages
[    2.309725] smpboot: APIC(0) Converting physical 0 to logical package 0
[    2.311980] smpboot: Max logical packages: 1
[    2.319831] x2apic enabled
[    2.321650] Switched APIC routing to physical x2apic.
[    2.330710] ..TIMER: vector=0x30 apic1=0 pin1=2 apic2=-1 pin2=-1
[    2.445714] smpboot: CPU0: Intel(R) Core(TM) i7-3770 CPU @ 3.40GHz (family: 0x6, model: 0x3a, stepping: 0x9)
[    2.465162] Performance Events: unsupported p6 CPU model 58 no PMU driver, software events only.
[    2.487597] KVM setup paravirtual spinlock
[    2.505464] x86: Booting SMP configuration:
[    2.508612] .... node  #0, CPUs:      #1
[    2.557986] kvm-clock: cpu 1, msr 0:3ffe3041, secondary cpu clock
[    2.559474] mce: CPU supports 0 MCE banks
[    2.562257] x86: Booted up 1 node, 2 CPUs
[    2.564258] smpboot: Total of 2 processors activated (13569.17 BogoMIPS)
[    2.567090] devtmpfs: initialized
[    2.617420] evm: security.selinux
[    2.618738] evm: security.SMACK64
[    2.620040] evm: security.SMACK64EXEC
[    2.621468] evm: security.SMACK64TRANSMUTE
[    2.622957] evm: security.SMACK64MMAP
[    2.624354] evm: security.ima
[    2.625597] evm: security.capability
[    2.627396] clocksource: jiffies: mask: 0xffffffff max_cycles: 0xffffffff, max_idle_ns: 7645041785100000 ns
[    2.652657] futex hash table entries: 512 (order: 3, 32768 bytes)
[    2.654860] pinctrl core: initialized pinctrl subsystem
[    2.676892] RTC time:  4:04:31, date: 04/26/19
[    2.681704] NET: Registered protocol family 16
[    2.706620] cpuidle: using governor ladder
[    2.719296] cpuidle: using governor menu
[    2.720774] PCCT header not found.
[    2.743869] ACPI: bus type PCI registered
[    2.776959] acpiphp: ACPI Hot Plug PCI Controller Driver version: 0.5
[    2.801256] PCI: Using configuration type 1 for base access
[    2.819189] ACPI: Added _OSI(Module Device)
[    2.824694] ACPI: Added _OSI(Processor Device)
[    2.827668] ACPI: Added _OSI(3.0 _SCP Extensions)
[    2.829336] ACPI: Added _OSI(Processor Aggregator Device)
[    2.832434] ACPI: Executed 1 blocks of module-level executable AML code
[    2.839472] ACPI: Interpreter enabled
[    2.847187] ACPI: (supports S0 S5)
[    2.848656] ACPI: Using IOAPIC for interrupt routing
[    2.850865] PCI: Using host bridge windows from ACPI; if necessary, use "pci=nocrs" and report a bug
[    2.865251] ACPI: PCI Root Bridge [PCI0] (domain 0000 [bus 00-ff])
[    2.867270] acpi PNP0A03:00: _OSC: OS supports [ASPM ClockPM Segments MSI]
[    2.869486] acpi PNP0A03:00: _OSC: not requesting OS control; OS requires [ExtendedConfig ASPM ClockPM MSI]
[    2.893701] acpi PNP0A03:00: fail to add MMCONFIG information, can't access extended PCI configuration space under this bridge.
[    2.926526] PCI host bridge to bus 0000:00
[    2.928090] pci_bus 0000:00: root bus resource [io  0x0000-0x0cf7 window]
[    2.930276] pci_bus 0000:00: root bus resource [io  0x0d00-0xffff window]
[    2.932437] pci_bus 0000:00: root bus resource [mem 0x000a0000-0x000bffff window]
[    2.935226] pci_bus 0000:00: root bus resource [mem 0x40000000-0xfdffffff window]
[    2.951918] pci_bus 0000:00: root bus resource [bus 00-ff]
[    2.956354] pci 0000:00:01.1: legacy IDE quirk: reg 0x10: [io  0x01f0-0x01f7]
[    2.977940] pci 0000:00:01.1: legacy IDE quirk: reg 0x14: [io  0x03f6]
[    2.980066] pci 0000:00:01.1: legacy IDE quirk: reg 0x18: [io  0x0170-0x0177]
[    2.993442] pci 0000:00:01.1: legacy IDE quirk: reg 0x1c: [io  0x0376]
[    3.028903] pci 0000:00:07.0: quirk: [io  0x4000-0x403f] claimed by PIIX4 ACPI
[    3.033168] pci 0000:00:07.0: quirk: [io  0x4100-0x410f] claimed by PIIX4 SMB
[    3.070767] ACPI: PCI Interrupt Link [LNKA] (IRQs 5 9 10 *11)
[    3.120190] ACPI: PCI Interrupt Link [LNKB] (IRQs 5 9 *10 11)
[    3.127186] ACPI: PCI Interrupt Link [LNKC] (IRQs 5 *9 10 11)
[    3.129737] ACPI: PCI Interrupt Link [LNKD] (IRQs 5 9 10 *11)
[    3.132385] ACPI: Enabled 2 GPEs in block 00 to 07
[    3.134611] vgaarb: setting as boot device: PCI:0000:00:02.0
[    3.136465] vgaarb: device added: PCI:0000:00:02.0,decodes=io+mem,owns=io+mem,locks=none
[    3.139286] vgaarb: loaded
[    3.140889] vgaarb: bridge control possible 0000:00:02.0
[    3.143138] SCSI subsystem initialized
[    3.144771] ACPI: bus type USB registered
[    3.147565] usbcore: registered new interface driver usbfs
[    3.149364] usbcore: registered new interface driver hub
[    3.151126] usbcore: registered new device driver usb
[    3.153353] PCI: Using ACPI for IRQ routing
[    3.169761] NetLabel: Initializing
[    3.171249] NetLabel:  domain hash size = 128
[    3.188227] NetLabel:  protocols = UNLABELED CIPSOv4
[    3.195445] NetLabel:  unlabeled traffic allowed by default
[    3.197608] amd_nb: Cannot enumerate AMD northbridges
[    3.214507] clocksource: Switched to clocksource kvm-clock
[    3.260086] AppArmor: AppArmor Filesystem Enabled
[    3.2635] pnp: PnP ACPI init
[    3.334851] pnp: PnP ACPI: found 3 devices

[   .318 ccksource: acpi_pm: mas: xfff mx_ycles: 0xffffff, max_idle_ns: 2085701024 ns
[  36272NE: egted otco fmiy 

[    4.531184] TCP established hash table entries: 8192 (order: 465536 bytes)
[   .659] TCP bind hash table entries: 8192 (order: 5, 131072 bytes)
[    4.799018] TCP: Hash tables configured (established 8192 bind 8192)
[    4.801044] UDP hash table entries: 512 (order: 2, 184yt)   52523 UP-tehash table entries: 512 (order: 2, 16384 bytes)
[   .384 NET Regstered protocol family 1
[    5.665765] pci 0000:00:00.0: Limiting diret CI/PCI transfers
[  56583] pci00:0:00:ctivating ISA DMA hang workarounds
[    6.181644] Unpacking initramfs...

[    6.625116] Freeing initrd memory: 15372K
[    6.630657] RAPL PMU detected, API unit is 2^-32 Joules, 3 fixed counters 10737418240 ms ovfl timer
[    6.634996] hw unit of domain pp0-core 2^-0 Joules
[    6.638399] hw unit of domain package 2^-0 Joules
[    6.675995] hw unit of domain pp1-gpu 2^-0 Joules
[    6.681724] platform rtc_cmos: registered platform RTC device (no PNP device found)
[    6.686460] Scanning for low memory corruption every 60 seconds
[    6.693934] audit: initializing netlink subsys (disabled)
[    6.732234] audit: type=2000 audit(1556251480.486:1): initialized
[    6.734671] Initialise system trusted keyring
[    6.746324] HugeTLB registered 2 MB page size, pre-allocated 0 pages
[    6.757893] zbud: loaded
[    6.759669] VFS: Disk quotas dquot_6.6.0
[    6.766997] VFS: Dquot-cache hash table entries: 512 (order 0, 4096 bytes)
[    6.780204] squashfs: version 4.0 (2009/01/31) Phillip Lougher
[    6.797633] fuse init (API version 7.23)
[    6.800626] Key type big_key registered
[    6.810091] Allocating IMA MOK and blacklist keyrings.
[    6.824756] Key type asymmetric registered
[    6.830904] Asymmetric key parser 'x509' registered
[    6.835908] Block layer SCSI generic (bsg) driver version 0.4 loaded (major 249)
[    6.845554] io scheduler noop registered
[    6.847081] io scheduler deadline registered (default)
[    6.848984] io scheduler cfq registered
[    6.869347] pci_hotplug: PCI Hot Plug PCI Core version: 0.5
[    6.879689] pciehp: PCI Express Hot Plug Controller Driver version: 0.4
[    6.889152] ACPI: AC Adapter [AC] (on-line)
[    6.903755] input: Power Button as /devices/LNXSYSTM:00/LNXPWRBN:00/input/input0
[    6.909930] ACPI: Power Button [PWRF]
[    6.911446] input: Sleep Button as /devices/LNXSYSTM:00/LNXSLPBN:00/input/input1
[    6.914045] ACPI: Sleep Button [SLPF]
[    6.918082] GHES: HEST is not enabled!
[    6.946748] Serial: 8250/16550 driver, 32 ports, IRQ sharing enabled
[    6.989707] 00:02: ttyS0 at I/O 0x3f8 (irq = 4, base_baud = 115200) is a 16550A
[    7.003556] Linux agpgart interface v0.103
[    7.019016] loop: module loaded
[    7.048749] scsi host0: ata_piix
[    7.050202] scsi host1: ata_piix
[    7.084977] ata1: PATA max UDMA/33 cmd 0x1f0 ctl 0x3f6 bmdma 0xd000 irq 14
[    7.102270] ata2: PATA max UDMA/33 cmd 0x170 ctl 0x376 bmdma 0xd008 irq 15
[    7.112561] libphy: Fixed MDIO Bus: probed
[    7.114155] tun: Universal TUN/TAP device driver, 1.6
[    7.137863] tun: (C) 1999-2004 Max Krasnyansky <maxk@qualcomm.com>
[    7.141611] PPP generic driver version 2.4.2
[    7.148614] ehci_hcd: USB 2.0 'Enhanced' Host Controller (EHCI) Driver
[    7.158163] ehci-pci: EHCI PCI platform driver
[    7.178755] ehci-platform: EHCI generic platform driver
[    7.206042] ohci_hcd: USB 1.1 'Open' Host Controller (OHCI) Driver
[    7.212707] ohci-pci: OHCI PCI platform driver
[    7.217894] ohci-platform: OHCI generic platform driver
[    7.221783] uhci_hcd: USB Universal Host Controller Interface driver
[    7.244292] i8042: PNP: PS/2 Controller [PNP0303:PS2K,PNP0f03:PS2M] at 0x60,0x64 irq 1,12
[    7.260313] serio: i8042 KBD port at 0x60,0x64 irq 1
[    7.263967] serio: i8042 AUX port at 0x60,0x64 irq 12
[    7.265987] mousedev: PS/2 mouse device common for all mice
[    7.268707] input: AT Translated Set 2 keyboard as /devices/platform/i8042/serio0/input/input2
[    7.273558] rtc_cmos rtc_cmos: rtc core: registered rtc_cmos as rtc0
[    7.276102] rtc_cmos rtc_cmos: alarms up to one day, 114 bytes nvram
[  7.280703] i2c /dev entries driver
[    7.347925] device-mapper: uevent: version 1.0.3

[    7.350380] device-mapper: ioctl: 4.34.0-ioctl (2015-10-28) initialised: dm-devel@redhat.com
[    7.354291] ledtrig-cpu: registered to indicate activity on CPUs
[    7.357203] NET: Registered protocol family 10
[    7.359138] NET: Registered protocol family 17
[    7.360737] Key type dns_resolver registered
[    7.363597] registered taskstats version 1
[    7.380347] Loading compiled-in X.509 certificates
[    7.386429] Loaded X.509 cert 'Build time autogenerated kernel key: 766cb56454e39ea623681e1efb4bf4db48a2396c'
[    7.390058] zswap: loaded using pool lzo/zbud
[    7.396839] Key type trusted registered
[    7.409973] Key type encrypted registered
[    7.418226] AppArmor: AppArmor sha1 policy hashing enabled
[    7.428367] ima: No TPM chip found, activating TPM-bypass!
[    7.432387] ima: Allocated hash algorithm: sha1
[    7.440874] evm: HMAC attrs: 0x1
[    7.452153]   Magic number: 15:874:60
[    7.453740] rtc_cmos rtc_cmos: setting system clock to 2019-04-26 04:04:35 UTC (1556251475)
[    7.458253] BIS EDD facility v0.16 2004-Jun-25, 0 devices found
[    .494925] EDD information not available.

[    7.562221] Freeing unused kernel memory: 1484K
[    7.632263] Write protecting the kernel read-only data: 14336k
[    7.680200] tsc: Refined TSC clocksource calibration: 3391.970 MHz
[    7.680203] clocksource: tsc: mask: 0xffffffffffffffff max_cycles: 0x30e4ace5ad4, max_idle_ns: 440795250839 ns
[    8.690279] Freeing unused kernel memory: 1620K
[    8.692326] Freeing unused kernel memory: 88K
Loading, please wait...
starting version 229
[    8.713868] random: systemd-udevd: uninitialized urandom read (16 bytes read, 3 bits of entropy available)
[    8.714216] random: udevadm: uninitialized urandom read (16 bytes read, 3 bits of entropy available)
[    8.714241] random: udevadm: uninitialized urandom read (16 bytes read, 3 bits of entropy available)
[    8.729934] random: udevadm: uninitialized urandom read (16 bytes read, 3 bits of entropy available)
[    8.729996] random: udevadm: uninitialized urandom read (16 bytes read, 3 bits of entropy available)
[    8.730227] random: udevadm: uninitialized urandom read (16 bytes read, 3 bits of entropy available)
[    8.730312] random: udevadm: uninitialized urandom read (16 bytes read, 3 bits of entropy available)
[    8.730399] random: udevadm: uninitialized urandom read (16 bytes read, 3 bits of entropy available)
[    8.730485] random: udevadm: uninitialized urandom read (16 bytes read, 3 bits of entropy available)
[    8.730632] random: udevadm: uninitialized urandom read (16 bytes read, 3 bits of entropy available)
[    8.864009] Fusion MPT base driver 3.04.20
[    8.865681] Copyright (c) 1999-2008 LSI Corporation
[    8.889935] e1000: Intel(R) PRO/1000 Network Driver - version 7.3.21-k8-NAPI
[    8.897774] e1000: Copyright (c) 1999-2006 Intel Corporation.
[    8.926386] Fusion MPT SPI Host driver 3.04.20
[    8.948156] AVX version of gcm_enc/dec engaged.
[    8.949958] AES CTR mode by8 optimization enabled
[    9.123550] input: ImExPS/2 Generic Explorer Mouse as /devices/platform/i8042/serio1/input/input4
[    9.354895] e1000 0000:00:03.0 eth0: (PCI:33MHz:32-bit) 02:1d:76:b3:3c:fe
[    9.357284] e1000 0000:00:03.0 eth0: Intel(R) PRO/1000 Network Connection
[    9.366761] mptbase: ioc0: Initiating bringup
[    9.367726] e1000 0000:00:03.0 enp0s3: renamed from eth0
[    9.582315] ioc0: LSI53C1030 A0: Capabilities={Initiator}
[   10.522613] scsi host2: ioc0: LSI53C1030 A0, FwRev=00000000h, Ports=1, MaxQ=256, IRQ=20
[   10.987581] scsi 2:0:0:0: Direct-Access     VBOX     HARDDISK         1.0  PQ: 0 ANSI: 5
[   11.004708] scsi target2:0:0: Beginning Domain Validation
[   11.032569] scsi target2:0:0: Domain Validation skipping write tests
[   11.034567] scsi target2:0:0: Ending Domain Validation
[   11.043947] scsi target2:0:0: asynchronous
[   11.055071] scsi 2:0:1:0: Direct-Access     VBOX     HARDDISK         1.0  PQ: 0 ANSI: 5
[   11.081664] scsi target2:0:1: Beginning Domain Validation
[   11.085783] scsi target2:0:1: Domain Validation skipping write tests
[   11.111614] scsi target2:0:1: Ending Domain Validation
[   11.120503] scsi target2:0:1: asynchronous
[   11.140757] sd 2:0:0:0: [sda] 20971520 512-byte logical blocks: (10.7 GB/10.0 GiB)
[   11.143702] sd 2:0:0:0: Attached scsi generic sg0 type 0
[   11.145864] sd 2:0:0:0: [sda] Write Protect is off
[   11.147940] sd 2:0:0:0: [sda] Incomplete mode parameter data
[   11.149971] sd 2:0:0:0: [sda] Assuming drive cache: write through
[   11.152394] sd 2:0:1:0: Attached scsi generic sg1 type 0
[   11.152604] sd 2:0:1:0: [sdb] 20480 512-byte logical blocks: (10.5 MB/10.0 MiB)
[   11.152983] sd 2:0:1:0: [sdb] Write Protect is off
[   11.153156] sd 2:0:1:0: [sdb] Incomplete mode parameter data
[   11.153158] sd 2:0:1:0: [sdb] Assuming drive cache: write through
[   11.198529]  sda: sda1
[   11.200125] sd 2:0:0:0: [sda] Attached SCSI disk
[   11.200490] sd 2:0:1:0: [sdb] Attached SCSI disk
Begin: Loading e[   13.047535] md: linear personality registered for level -1
ssential drivers ... [   13.131549] md: multipath personality registered for level -4
[   13.142286] md: raid0 personality registered for level 0
[   13.181628] md: raid1 personality registered for level 1
[   13.254679] raid6: sse2x1   gen()  2842 MB/s
[   13.323025] raid6: sse2x1   xor()  1951 MB/s
[   13.438703] raid6: sse2x2   gen()  5178 MB/s
[   13.514526] raid6: sse2x2   xor()  3545 MB/s
[   13.594529] raid6: sse2x4   gen()  7874 MB/s
[   13.666664] raid6: sse2x4   xor()  4540 MB/s
[   13.675974] raid6: using algorithm sse2x4 gen() 7874 MB/s
[   13.707819] raid6: .... xor() 4540 MB/s, rmw enabled
[   13.709517] raid6: using ssse3x2 recovery algorithm
[   13.713291] xor: automatically using best checksumming function:
[   13.770656]    avx       : 17244.000 MB/sec
[   13.787927] async_tx: api initialized (async)
[   13.805314] md: raid6 personality registered for level 6
[   13.814470] md: raid5 personality registered for level 5
[   13.816376] md: raid4 personality registered for level 4
[   13.831589] md: raid10 personality registered for level 10
done.
Begin: Running /scripts/init-premount ... done.
Begin: Mounting root file system ... Begin: Running /scripts/local-top ... done.
Begin: Running /scripts/local-premount ... [   13.887991] Btrfs loaded
Scanning for Btrfs filesystems
done.
Warning: fsck no[   13.933248] EXT4-fs (sda1): INFO: recovery required on readonly filesystem
t present, so sk[   13.945652] EXT4-fs (sda1): write access will be enabled during recovery
ipping root file system
[   14.136683] EXT4-fs (sda1): recovery complete
[   14.525936] EXT4-fs (sda1): mounted filesystem with ordered data mode. Opts: (null)
done.
Begin: Running /scripts/local-bottom ... done.
Begin: Running /scripts/init-bottom ... done.
[   14.835183] systemd[1]: systemd 229 running in system mode. (+PAM +AUDIT +SELINUX +IMA +APPARMOR +SMACK +SYSVINIT +UTMP +LIBCRYPTSETUP +GCRYPT +GNUTLS +ACL +XZ -LZ4 +SECCOMP +BLKID +ELFUTILS +KMOD -IDN)
[   14.854369] systemd[1]: Detected virtualization oracle.
[   14.864015] systemd[1]: Detected architecture x86-64.

Welcome to [1mUbuntu 16.04.5 LTS[0m!

[   14.888225] systemd[1]: Set hostname to <ubuntu-xenial>.
[ 15832]ysmd]:StartedFoard Password Requests to Wall Directory Watch.
[[0;32m  OK  [0m] Started Forward Password Requests to Wall Directory Watch.
[   15.646730] systemd[1]: Created slice User and Session Slice.
[[0;32m  OK  [0m] Created slice User and Session Slice.
[   15.650774] systemd[1]: Reached target System Time Synchronized.
[[0;32m  OK  [0m] Reached target System Time Synchronized.
[   15.655018] systemd[1]: Listening on Journal Socket (/dev/log).
[[0;32m  OK  [0m] Listening on Journal Socket (/dev/log).
[   15.682561] systemd[1]: Listening on Device-mapper event daemon FIFOs.
[[0;32m  OK  [0m] Listening on Device-mapper event daemon FIFOs.
[   16.539259] systemd[1]: Listening on LVM2 metadata daemon socket.
[[0;32m  OK  [0m] Listening on LVM2 metadata daemon socket.
[   1654922] systemd[1]: Set up atomount Arbitrary Executable File Formats File System Automount Point.
[[0;32m  OK  [0m] Set up automount Arbitrary Executab...ats File System Automount Point.
[   16.702535] systemd[1]: Listening on Journal Socket.
[[0;32m  OK  [0m] Listening on Journal Socket.
[ 17199054] systemd[1]: Reached target User and Group Name Lookups.
[[0;32m  OK  [0m] Reached target User and Group Name Lookups.
[  1.555742] systemd[1]: Listening on udev Kernel Socket.
[[0;32m  OK  [0m] Listening on udev Kernel Socket.
[   17.671516] systemd[1]: Listening on Syslog Socket.
[[0;32m  OK  [0m] Listening on Syslog Socket.
[   18.453806] systemd[1]: Reached target Encrypted Volumes.
[[0;32m  OK  [0m] Reached target Encrypted Volumes.
[   18.457628] systemd[1]: Listening on /dev/initctl Compatibility Named Pipe.
[[0;32m  OK  [0m] Listening on /dev/initctl Compatibility Named Pipe.
[  1.55267] systemd1] Lteinon Journal Audit Socket.
[[0;32m  OK  [0m] Listening on Journal Audit Socket.
[   18.931791] systemd[1]: Created slice System Slice.
[[0;32m  OK  [0m] Created slice System Slice.
[   18.947447] systemd[1]: Starting Uncomplicated firewall...
         Starting Uncomplicated firewall...
[   18.959692] systemd[1]: Created slice system-postgresql.slice.
[[0;32m  OK  [0m] Created slice system-postgresql.slice.
[   18.964025] systemd[1]: Reached target Slices.
[[0;32m  OK  [0m] Reached target Slices.
[   18.977699] systemd[1]: Starting Set console keymap...
[   18.979655] random: nonblocking pool is initialized
         Starting Set console keymap...
[   18.985034] systemd[1]: Starting Remount Root and Kernel File Systems...
         Starting Remount[   19.002917] EXT4-fs (sda1): re-mounted. Opts: (null)
 Root and Kernel File Systems...
[   19.010130] systemd[1]: Starting Create list of required static device nodes for the current kernel...
         Starting Create list of required st... nodes for the current kernel...
[   19.039137] systemd[1]: Mounting POSIX Message Queue File System...
         Mounting POSIX Message Queue File System...
[   19.077573] systemd[1]: Starting Load Kernel Modules...
         Starting Load Kernel Modules...
[   19.102588] Loading iSCSI transport class v2.0-870.
[   19.107909] systemd[1]: Created slice system-serial\x2dgetty.slice.
[[0;32m  OK  [0m] Created slic[   19.119037] iscsi: registered transport (tcp)
e system-serial\x2dgetty.slice.
[   19.126368] systemd[1]: Mounting Huge Pages File System...
         Mounting Huge Pages File System...
[   19.159882] iscsi: registered transport (iser)
[   19.187044] systemd[1]: Starting Journal Service...
         Starting Journal Service...
[   19.194841] systemd[1]: Starting Monitoring of LVM2 mirrors, snapshots etc. using dmeventd or progress polling...
         Starting Monitoring of LVM2 mirrors... dmeventd or progress polling...
[   19.203101] systemd[1]: Mounting Debug File System...
         Mounting Debug File System...
[   19.236099] systemd[1]: Listening on udev Control Socket.
[[0;32m  OK  [0m] Listening on udev Control Socket.
[   19.243317] systemd[1]: Reached target Swap.
[[0;32m  OK  [0m] Reached target Swap.
[   19.248084] systemd[1]: Listening on LVM2 poll daemon socket.
[[0;32m  OK  [0m] Listening on LVM2 poll daemon socket.
[   19.276729] systemd[1]: Started Trigger resolvconf update for networkd DNS.
[[0;32m  OK  [0m] Started Trigger resolvconf update for networkd DNS.
[   19.299145] systemd[1]: Starting Nameserver information manager...
         Starting Nameserver information manager...
[   19.308020] systemd[1]: Mounted Debug File System.
[[0;32m  OK  [0m] Mounted Debug File System.
[   19.314494] systemd[1]: Mounted Huge Pages File System.
[[0;32m  OK  [0m] Mounted Huge Pages File System.
[   19.339300] systemd[1]: Mounted POSIX Message Queue File System.
[[0;32m  OK  [0m] Mounted POSIX Message Queue File System.
[  193789] ysem[1]: Started Journal Service.
[[0;32m  OK  [0m] Started Journal Service.
[[0;32m  OK  [0m] Started Uncomplicated firewall.
[[0;32m  OK  [0m] Started Set console keymap.
[[0;32m  OK  [0m] Started Remount Root and Kernel File Systems.
[[0;32m  OK  [0m] Started Create list of required sta...ce nodes for the current kernel.
[[0;32m  OK  [0m] Started Load Kernel Modules.
[[0;32m  OK  [0m] Started Nameserver information manager.
[[0;32m  OK  [0m] Started LVM2 metadata daemon.
         Starting Apply Kernel Variables...
         Mounting FUSE Control File System...
         Starting Create Static Device Nodes in /dev...
         Starting Load/Save Random Seed...
         Starting udev Coldplug all Devices...
         Starting Flush Journal to Persistent Storage...
[[0;32m  OK  [0m] Mounted FUSE Control File System.
[[0;32m  OK  [0m] Started Apply Kernel Variables.
[[0;32m  OK  [0m] Started Create Static Device Nodes in /dev.
[[0;32m  OK  [0m] Started Load/Save Random Seed.
[[0;32m  OK  [0m] Started udev Coldplug all Devices.
[[0;32m  OK  [0m] Started Flush Journal to Persistent Storage.
[[0;32m  OK  [0m] Started Monitoring of LVM2 mirrors,...ng dmeventd or progress polling.
         Starting udev Kernel Device Manager...
[[0;32m  OK  [0m] Started udev Kernel Device Manager.
[[0;32m  OK  [0m] Started Dispatch Password Requests to Console Directory Watch.
[[0;32m  OK  [0m] Reached target Local File Systems (Pre).
[[0;32m  OK  [0m] Reached target Local File Systems.
         Starting Tell Plymouth To Write Out Runtime Data...
         Starting LSB: AppArmor initialization...
         Starting Initial cloud-init job (pre-networking)...
         Starting Set console font and keymap...
         Starting Create Volatile Files and Directories...
[[0;32m  OK  [0m] Started Tell Plymouth To Write Out Runtime Data.
[[0;32m  OK  [0m] Started Create Volatile Files and Directories.
[[0;32m  OK  [0m] Found device /dev/ttyS0.
[[0;32m  OK  [0m] Started LSB: AppArmor initialization.
[[0;32m  OK  [0m] Listening on Load/Save RF Kill Switch Status /dev/rfkill Watch.
         Starting Update UTMP about System Boot/Shutdown...
[   19.416788] cloud-init[492]: Cloud-init v. 18.3-9-g2e62cb8a-0ubuntu1~16.04.2 running 'init-local' at Fri, 26 Apr 2019 04:04:49 +0000. Up 19.01 seconds.
[[0;32m  OK  [0m] Started Initial cloud-init job (pre-networking).
[[0;32m  OK  [0m] Found device 82540EM Gigabit Ethern...r (PRO/1000 MT Desktop Adapter).
[[0;32m  OK  [0m] Started Set console font and keymap.
[[0;32m  OK  [0m] Started Update UTMP about System Boot/Shutdown.
[[0;32m  OK  [0m] Created slice system-getty.slice.
[[0;32m  OK  [0m] Reached target Network (Pre).
[[0;32m  OK  [0m] Started ifup for enp0s3.
         Starting Raise network interfaces...
[[0;32m  OK  [0m] Started Raise network interfaces.
[[0;32m  OK  [0m] Reached target Network.
         Starting Initial cloud-init job (metadata service crawler)...
[   21.448855] cloud-init[967]: Cloud-init v. 18.3-9-g2e62cb8a-0ubuntu1~16.04.2 running 'init' at Fri, 26 Apr 2019 04:04:51 +0000. Up 20.94 seconds.
[   21.500477] cloud-init[967]: ci-info: ++++++++++++++++++++++++++++++++++++++Net device info++++++++++++++++++++++++++++++++++++++
[   21.500886] cloud-init[967]: ci-info: +--------+------+----------------------------+---------------+--------+-------------------+
[[0;32m  OK  [0m] Started Initial cloud-init job (metadata service crawler).
[   21.501166] cloud-init[967]: ci-info: | Device |  Up  |          Address           |      Mask     | Scope  |     Hw-Address    |
[   21.686000] cloud-init[967]: ci-info: +--------+------+----------------------------+---------------+--------+-------------------+
[   21.686454] cloud-init[967]: ci-info: | enp0s3 | True |         10.0.2.15          | 255.255.255.0 | global | 02:1d:76:b3:3c:fe |
[   21.686677] cloud-init[967]: ci-info: | enp0s3 | True | fe80::1d:76ff:feb3:3cfe/64 |       .       |  link  | 02:1d:76:b3:3c:fe |
[   21.686891] cloud-init[967]: ci-info: |   lo   | True |         127.0.0.1          |   255.0.0.0   |  host  |         .         |
[   21.687126] cloud-init[967]: ci-info: |   lo   | True |          ::1/128           |       .       |  host  |         .         |
[   21.687341] cloud-init[967]: ci-info: +--------+------+----------------------------+---------------+--------+-------------------+
[   21.687557] cloud-init[967]: ci-info: +++++++++++++++++++++++++++Route IPv4 info++++++++++++++++++++++++++++
[   21.687788] cloud-init[967]: ci-info: +-------+-------------+----------+---------------+-----------+-------+
[   21.687999] cloud-init[967]: ci-info: | Route | Destination | Gateway  |    Genmask    | Interface | Flags |
[   21.688449] cloud-init[967]: ci-info: +-------+-------------+----------+---------------+-----------+-------+
[   21.688670] cloud-init[967]: ci-info: |   0   |   0.0.0.0   | 10.0.2.2 |    0.0.0.0    |   enp0s3  |   UG  |
[   21.688886] cloud-init[967]: ci-info: |   1   |   10.0.2.0  | 0.0.0.0  | 255.255.255.0 |   enp0s3  |   U   |
[   21.689319] cloud-init[967]: ci-info: +-------+-------------+----------+---------------+-----------+-------+
[   21.689534] cloud-init[967]: ci-info: +++++++++++++++++++Route IPv6 info+++++++++++++++++++
[   21.689750] cloud-init[967]: ci-info: +-------+-------------+---------+-----------+-------+
[   21.689968] cloud-init[967]: ci-info: | Route | Destination | Gateway | Interface | Flags |
[   21.690215] cloud-init[967]: ci-info: +-------+-------------+---------+-----------+-------+
[   21.690429] cloud-init[967]: ci-info: |   0   |  fe80::/64  |    ::   |   enp0s3  |   U   |
[   21.690644] cloud-init[967]: ci-info: |   3   |   ff00::/8  |    ::   |   enp0s3  |   U   |
[   21.690857] cloud-init[967]: ci-info: +-------+-------------+---------+-----------+-------+
[[0;32m  OK  [0m] Reached target System Initialization.
[[0;32m  OK  [0m] Listening on D-Bus System Message Bus Socket.
[[0;32m  OK  [0m] Started Daily apt download activities.
[[0;32m  OK  [0m] Started Daily apt upgrade and clean activities.
         Starting LXD - unix socket.
[[0;32m  OK  [0m] Started ACPI Events Check.
[[0;32m  OK  [0m] Reached target Paths.
[[0;32m  OK  [0m] Listening on UUID daemon activation socket.
         Starting Socket activation for snappy daemon.
[[0;32m  OK  [0m] Listening on ACPID Listen Socket.
[[0;32m  OK  [0m] Started Daily Cleanup of Temporary Directories.
[[0;32m  OK  [0m] Reached target Timers.
[[0;32m  OK  [0m] Reached target Network is Online.
         Starting iSCSI initiator daemon (iscsid)...
[[0;32m  OK  [0m] Reached target Cloud-config availability.
[[0;32m  OK  [0m] Listening on LXD - unix socket.
[[0;32m  OK  [0m] Listening on Socket activation for snappy daemon.
[[0;32m  OK  [0m] Started iSCSI initiator daemon (iscsid).
         Starting Login to default iSCSI targets...
[[0;32m  OK  [0m] Reached target Sockets.
[[0;32m  OK  [0m] Reached target Basic System.
[[0;32m  OK  [0m] Started Unattended Upgrades Shutdown.
         Starting LSB: Record successful boot for GRUB...
[[0;32m  OK  [0m] Started Regular background program processing daemon.
[[0;32m  OK  [0m] Started D-Bus System Message Bus.
         Starting Accounts Service...
         Starting Virtualbox guest utils...
         Starting PostgreSQL Cluster 9.5-main...
[[0;32m  OK  [0m] Started FUSE filesystem for LXC.
         Starting LSB: MD monitoring daemon...
         Starting /etc/rc.local Compatibility...
         Starting System Logging Service...
         Starting Snappy daemon...
[[0;32m  OK  [0m] Started Deferred execution scheduler.
[[0;32m  OK  [0m] Started ACPI event daemon.
         Starting Login Service...
         Starting OpenBSD Secure Shell server...
         Starting LXD - container startup/shutdown...
[[0;32m  OK  [0m] Started /etc/rc.local Compatibility.
[[0;32m  OK  [0m] Started System Logging Service.
[[0;32m  OK  [0m] Started LSB: Record successful boot for GRUB.
[[0;32m  OK  [0m] Started OpenBSD Secure Shell server.
[[0;32m  OK  [0m] Started Login to default iSCSI targets.
[[0;32m  OK  [0m] Started LSB: MD monitoring daemon.
[[0;32m  OK  [0m] Started Login Service.
         Starting Authenticate and Authorize Users to Run Privileged Tasks...
[[0;32m  OK  [0m] Reached target Remote File Systems (Pre).
[[0;32m  OK  [0m] Reached target Remote File Systems.
         Starting LSB: Start/stop sysstat's sadc...
         Starting LSB: daemon to balance interrupts for SMP systems...
         Starting LSB: Set the CPU Frequency Scaling governor to "ondemand"...
         Starting Permit User Sessions...
         Starting LSB: automatic crash report generation...
[[0;32m  OK  [0m] Started Virtualbox guest utils.
[[0;32m  OK  [0m] Started LXD - container startup/shutdown.
[[0;32m  OK  [0m] Started Permit User Sessions.
[[0;32m  OK  [0m] Started Authenticate and Authorize Users to Run Privileged Tasks.
[[0;32m  OK  [0m] Started Accounts Service.
[[0;32m  OK  [0m] Started LSB: Start/stop sysstat's sadc.
[[0;32m  OK  [0m] Started LSB: daemon to balance interrupts for SMP systems.
         Starting Hold until boot process finishes up...
         Starting Terminate Plymouth Boot Screen...
[[0;32m  OK  [0m] Started Snappy daemon.
[[0;32m  OK  [0m] Started LSB: Set the CPU Frequency Scaling governor to "ondemand".
[[0;32m  OK  [0m] Started LSB: automatic crash report generation.
[[0;32m  OK  [0m] Started Hold until boot process finishes up.
[[0;32m  OK  [0m] Started Terminate Plymouth Boot Screen.
         Starting Set console scheme...
[[0;32m  OK  [0m] Started Serial Getty on ttyS0.
[[0;32m  OK  [0m] Started Getty on tty1.
[[0;32m  OK  [0m] Reached target Login Prompts.
         Starting Wait until snapd is fully seeded...
[[0;32m  OK  [0m] Started Set console scheme.
[[0;32m  OK  [0m] Started Wait until snapd is fully seeded.
         Starting Apply the settings specified in cloud-config...
[[0;32m  OK  [0m] Created slice User Slice of vagrant.
         Starting User Manager for UID 1000...
[[0;32m  OK  [0m] Started Session 1 of user vagrant.
[[0;32m  OK  [0m] Started User Manager for UID 1000.
[   24.390162] cloud-init[1227]: Cloud-init v. 18.3-9-g2e62cb8a-0ubuntu1~16.04.2 running 'modules:config' at Fri, 26 Apr 2019 04:04:54 +0000. Up 24.04 seconds.
[[0;32m  OK  [0m] Started Apply the settings specified in cloud-config.
[[0;32m  OK  [0m] Started PostgreSQL Cluster 9.5-main.
         Starting PostgreSQL RDBMS...
[[0;32m  OK  [0m] Started PostgreSQL RDBMS.
[[0;32m  OK  [0m] Reached target Multi-User System.
[[0;32m  OK  [0m] Reached target Graphical Interface.
         Starting Update UTMP about System Runlevel Changes...
         Starting Execute cloud user/final scripts...
[[0;32m  OK  [0m] Started Update UTMP about System Runlevel Changes.
[   26.437179] cloud-init[1334]: Cloud-init v. 18.3-9-g2e62cb8a-0ubuntu1~16.04.2 running 'modules:final' at Fri, 26 Apr 2019 04:04:56 +0000. Up 26.18 seconds.
[   26.442893] cloud-init[1334]: Cloud-init v. 18.3-9-g2e62cb8a-0ubuntu1~16.04.2 finished at Fri, 26 Apr 2019 04:04:57 +0000. Datasource DataSourceNoCloud [seed=/dev/sdb][dsmode=net].  Up 26.42 seconds
[[0;32m  OK  [0m] Started Execute cloud user/final scripts.
[[0;32m  OK  [0m] Reached target Cloud-init target.
         Starting Daily apt download activities...
         Stopping User Manager for UID 1000...
[[0;32m  OK  [0m] Stopped User Manager for UID 1000.
[[0;32m  OK  [0m] Removed slice User Slice of vagrant.

Ubuntu 16.04.5 LTS ubuntu-xenial ttyS0

ubuntu-xenial login: 